Added Component: Designator=U2(Nucleo-F401RE)
Add component (AddParameter): Name = "Availability"; Value = "Unavailable"; VariantName = "[No Variations]"
Add component (AddParameter): Name = "MF"; Value = ""; VariantName = "[No Variations]"
Add component (AddParameter): Name = "MP"; Value = "NUCLEO-F401RE"; VariantName = "[No Variations]"
Add component (AddParameter): Name = "Package"; Value = "None"; VariantName = "[No Variations]"
Add component (AddParameter): Name = "Price"; Value = "None"; VariantName = "[No Variations]"
Add component (AddParameter): Name = "Value"; Value = ""; VariantName = "[No Variations]"
Added Pin To Net: NetName=+5 Pin=U2-CN7_6
Added Pin To Net: NetName=DGND Pin=U2-CN7_8
Added Pin To Net: NetName=+3.3 Pin=U2-CN7_16
Added Pin To Net: NetName=+5 Pin=U2-CN7_18
Added Pin To Net: NetName=DGND Pin=U2-CN7_19
Added Pin To Net: NetName=DGND Pin=U2-CN7_20
Added Pin To Net: NetName=DGND Pin=U2-CN7_22
Added Pin To Net: NetName=NetP14_2 Pin=U2-CN7_32
Added Pin To Net: NetName=NetP11_2 Pin=U2-CN9_4
Added Pin To Net: NetName=NetP12_2 Pin=U2-CN9_5
Added Pin To Net: NetName=+5 Pin=U2-CN10_8
Added Pin To Net: NetName=DGND Pin=U2-CN10_9
Added Pin To Net: NetName=DGND Pin=U2-CN10_20
Added Pin To Net: NetName=NetR4_1 Pin=U2-CN10_28
Added Pin To Net: NetName=DGND Pin=U2-CN10_32
Added Pin To Net: NetName=NetP14_1 Pin=U2-CN10_35
Added Member To Class: ClassName=BFMC_Microcontrollers Member=Component U2 NUCLEO-F401RE
