Change component parameters: Designator = "C35" ("C35"); Footprint = "CAP_0805"; UniqueID = "\BDDNFCZK" ("\BDDNFCZK")
Change component parameters (AddParameter): Name = "Capacitance"; Value = "10 nF"; VariantName = "[No Variations]"
Change component parameters (AddParameter): Name = "ComponentLink2Description"; Value = "Datasheet"; VariantName = "[No Variations]"
Change component parameters (AddParameter): Name = "ComponentLink2URL"; Value = "https://product.tdk.com/system/files/dam/doc/product/capacitor/ceramic/mlcc/catalog/mlcc_automotive_general_en.pdf?ref_disty=mouser"; VariantName = "[No Variations]"
Change component parameters (AddParameter): Name = "Manufacture Name"; Value = "TDK"; VariantName = "[No Variations]"
Change component parameters (AddParameter): Name = "Manufacture SN"; Value = "CGA4C2C0G1H103J060AA"; VariantName = "[No Variations]"
Change component parameters (AddParameter): Name = "Mounting Technology"; Value = "SMT"; VariantName = "[No Variations]"
Change component parameters (AddParameter): Name = "Operating Temperature"; Value = "-55 to +125degC"; VariantName = "[No Variations]"
Change component parameters (AddParameter): Name = "Packaging"; Value = "Tape and Reel"; VariantName = "[No Variations]"
Change component parameters (AddParameter): Name = "Size"; Value = "0805"; VariantName = "[No Variations]"
Change component parameters (AddParameter): Name = "Supplier 1 Name"; Value = "Mouser"; VariantName = "[No Variations]"
Change component parameters (AddParameter): Name = "Supplier 1 SN"; Value = "810-CGA4C2C0G1H103J"; VariantName = "[No Variations]"
Change component parameters (AddParameter): Name = "Supplier 1 URL"; Value = "https://www.mouser.vn/ProductDetail/TDK/CGA4C2C0G1H103J060AA?qs=FxQuwy19cyC9M6v0nMqjhA%3D%3D&utm_source=mouser-refine-download&utm_medium=file&utm_campaign=CGA4C2C0G1H103J060AA&utm_content=TDK"; VariantName = "[No Variations]"
Change component parameters (AddParameter): Name = "Supplier 2 Name"; Value = "Digi-Key"; VariantName = "[No Variations]"
Change component parameters (AddParameter): Name = "Supplier 2 SN"; Value = "445-6947-2-ND"; VariantName = "[No Variations]"
Change component parameters (AddParameter): Name = "Supplier 2 URL"; Value = "https://www.digikey.com/en/products/detail/tdk-corporation/cga4c2c0g1h103j060aa/2672840"; VariantName = "[No Variations]"
Change component parameters (AddParameter): Name = "Supplier 3 Name"; Value = "thegioiic"; VariantName = "[No Variations]"
Change component parameters (AddParameter): Name = "Supplier 3 SN"; Value = "OEM"; VariantName = "[No Variations]"
Change component parameters (AddParameter): Name = "Supplier 3 URL"; Value = "https://www.thegioiic.com/tu-gom-0805-10nf-50v"; VariantName = "[No Variations]"
Change component parameters (AddParameter): Name = "Tolerance"; Value = "+/-5%"; VariantName = "[No Variations]"
Change component parameters (AddParameter): Name = "Value"; Value = "10 nF, 50 VDC"; VariantName = "[No Variations]"
Change component parameters (AddParameter): Name = "Voltage Rating DC"; Value = "50 VDC"; VariantName = "[No Variations]"
Change component parameters: Designator = "C36" ("C36"); Footprint = "CAP_0805"; UniqueID = "\MQAXKDKQ" ("\MQAXKDKQ")
Change component parameters (AddParameter): Name = "Capacitance"; Value = "1 uF"; VariantName = "[No Variations]"
Change component parameters (AddParameter): Name = "ComponentLink2Description"; Value = "Datasheet"; VariantName = "[No Variations]"
Change component parameters (AddParameter): Name = "ComponentLink2URL"; Value = "https://product.tdk.com/system/files/dam/doc/product/capacitor/ceramic/mlcc/catalog/mlcc_automotive_general_en.pdf?ref_disty=mouser"; VariantName = "[No Variations]"
Change component parameters (AddParameter): Name = "Manufacture Name"; Value = "TDK"; VariantName = "[No Variations]"
Change component parameters (AddParameter): Name = "Manufacture SN"; Value = "CGA4J2X7R1C105K125AA"; VariantName = "[No Variations]"
Change component parameters (AddParameter): Name = "Mounting Technology"; Value = "SMT"; VariantName = "[No Variations]"
Change component parameters (AddParameter): Name = "Operating Temperature"; Value = "-55 to +125degC"; VariantName = "[No Variations]"
Change component parameters (AddParameter): Name = "Packaging"; Value = "Tape and Reel"; VariantName = "[No Variations]"
Change component parameters (AddParameter): Name = "Size"; Value = "0805"; VariantName = "[No Variations]"
Change component parameters (AddParameter): Name = "Supplier 1 Name"; Value = "Mouser"; VariantName = "[No Variations]"
Change component parameters (AddParameter): Name = "Supplier 1 SN"; Value = "810-CGA4J2X7R1C105K"; VariantName = "[No Variations]"
Change component parameters (AddParameter): Name = "Supplier 1 URL"; Value = "https://www.mouser.vn/ProductDetail/TDK/CGA4J2X7R1C105K125AA?qs=NRhsANhppD8sFjo%252B1TQuCQ%3D%3D&utm_source=mouser-refine-download&utm_medium=file&utm_campaign=CGA4J2X7R1C105K125AA&utm_content=TDK"; VariantName = "[No Variations]"
Change component parameters (AddParameter): Name = "Supplier 2 Name"; Value = "Digi-Key"; VariantName = "[No Variations]"
Change component parameters (AddParameter): Name = "Supplier 2 SN"; Value = "445-5689-2-ND"; VariantName = "[No Variations]"
Change component parameters (AddParameter): Name = "Supplier 2 URL"; Value = "https://www.digikey.com/en/products/detail/tdk-corporation/cga4j2x7r1c105k125aa/2443167"; VariantName = "[No Variations]"
Change component parameters (AddParameter): Name = "Supplier 3 Name"; Value = "thegioiic"; VariantName = "[No Variations]"
Change component parameters (AddParameter): Name = "Supplier 3 SN"; Value = "OEM"; VariantName = "[No Variations]"
Change component parameters (AddParameter): Name = "Supplier 3 URL"; Value = "https://www.thegioiic.com/tu-gom-0805-1uf-16v"; VariantName = "[No Variations]"
Change component parameters (AddParameter): Name = "Tolerance"; Value = "+/-10%"; VariantName = "[No Variations]"
Change component parameters (AddParameter): Name = "Value"; Value = "1 uF, 16 VDC"; VariantName = "[No Variations]"
Change component parameters (AddParameter): Name = "Voltage Rating DC"; Value = "16 VDC"; VariantName = "[No Variations]"
Change component parameters: Designator = "U1" ("U1"); Footprint = "AMS1117"; UniqueID = "\YYMEZAUF" ("\YYMEZAUF")
Change component parameters (AddParameter): Name = "Supplier 3 URL"; Value = "https://www.thegioiic.com/ams1117-3-3v-ic-on-ap-3-3v-1a-sot-223"; VariantName = "[No Variations]"
